# JRE version: Java(TM) SE Runtime Environment (8.0_25-b17) (build 1.8.0_25-b17)
# Java VM: Java HotSpot(TM) 64-Bit Server VM (25.25-b02 mixed mode bsd-amd64 compressed oops)
Heap:
 PSYoungGen      total 33792K, used 32298K [0x0000000795580000, 0x0000000797b00000, 0x00000007c0000000)
  eden space 32256K, 96% used [0x0000000795580000,0x00000007973dab40,0x0000000797500000)
  from space 1536K, 79% used [0x0000000797980000,0x0000000797ab0020,0x0000000797b00000)
  to   space 2048K, 0% used [0x0000000797700000,0x0000000797700000,0x0000000797900000)
 ParOldGen       total 87552K, used 48K [0x0000000740000000, 0x0000000745580000, 0x0000000795580000)
  object space 87552K, 0% used [0x0000000740000000,0x000000074000c000,0x0000000745580000)
 Metaspace       used 6712K, capacity 6805K, committed 6912K, reserved 1056768K
  class space    used 649K, capacity 693K, committed 768K, reserved 1048576K
GC Heap History (10 events):
Event: 12.183 GC heap before
{Heap before GC invocations=2 (full 0):
 PSYoungGen      total 38400K, used 35207K [0x0000000795580000, 0x0000000798000000, 0x00000007c0000000)
  eden space 33280K, 100% used [0x0000000795580000,0x0000000797600000,0x0000000797600000)
  from space 5120K, 37% used [0x0000000797600000,0x00000007977e1df8,0x0000000797b00000)
  to   space 5120K, 0% used [0x0000000797b00000,0x0000000797b00000,0x0000000798000000)
 ParOldGen       total 87552K, used 16K [0x0000000740000000, 0x0000000745580000, 0x0000000795580000)
  object space 87552K, 0% used [0x0000000740000000,0x0000000740004000,0x0000000745580000)
 Metaspace       used 6667K, capacity 6805K, committed 6912K, reserved 1056768K
  class space    used 644K, capacity 693K, committed 768K, reserved 1048576K
Event: 12.185 GC heap after
Heap after GC invocations=2 (full 0):
 PSYoungGen      total 38400K, used 1200K [0x0000000795580000, 0x0000000798000000, 0x00000007c0000000)
  eden space 33280K, 0% used [0x0000000795580000,0x0000000795580000,0x0000000797600000)
  from space 5120K, 23% used [0x0000000797b00000,0x0000000797c2c010,0x0000000798000000)
  to   space 5120K, 0% used [0x0000000797600000,0x0000000797600000,0x0000000797b00000)
 ParOldGen       total 87552K, used 24K [0x0000000740000000, 0x0000000745580000, 0x0000000795580000)
  object space 87552K, 0% used [0x0000000740000000,0x0000000740006000,0x0000000745580000)
 Metaspace       used 6667K, capacity 6805K, committed 6912K, reserved 1056768K
  class space    used 644K, capacity 693K, committed 768K, reserved 1048576K
}
Event: 19.757 GC heap before
{Heap before GC invocations=3 (full 0):
 PSYoungGen      total 38400K, used 34480K [0x0000000795580000, 0x0000000798000000, 0x00000007c0000000)
  eden space 33280K, 100% used [0x0000000795580000,0x0000000797600000,0x0000000797600000)
  from space 5120K, 23% used [0x0000000797b00000,0x0000000797c2c010,0x0000000798000000)
  to   space 5120K, 0% used [0x0000000797600000,0x0000000797600000,0x0000000797b00000)
 ParOldGen       total 87552K, used 24K [0x0000000740000000, 0x0000000745580000, 0x0000000795580000)
  object space 87552K, 0% used [0x0000000740000000,0x0000000740006000,0x0000000745580000)
 Metaspace       used 6700K, capacity 6805K, committed 6912K, reserved 1056768K
  class space    used 648K, capacity 693K, committed 768K, reserved 1048576K
Event: 19.763 GC heap after
Heap after GC invocations=3 (full 0):
 PSYoungGen      total 38400K, used 1248K [0x0000000795580000, 0x0000000798000000, 0x00000007c0000000)
  eden space 33280K, 0% used [0x0000000795580000,0x0000000795580000,0x0000000797600000)
  from space 5120K, 24% used [0x0000000797600000,0x0000000797738020,0x0000000797b00000)
  to   space 5120K, 0% used [0x0000000797b00000,0x0000000797b00000,0x0000000798000000)
 ParOldGen       total 87552K, used 24K [0x0000000740000000, 0x0000000745580000, 0x0000000795580000)
  object space 87552K, 0% used [0x0000000740000000,0x0000000740006000,0x0000000745580000)
 Metaspace       used 6700K, capacity 6805K, committed 6912K, reserved 1056768K
  class space    used 648K, capacity 693K, committed 768K, reserved 1048576K
}
Event: 28.311 GC heap before
{Heap before GC invocations=4 (full 0):
 PSYoungGen      total 38400K, used 34528K [0x0000000795580000, 0x0000000798000000, 0x00000007c0000000)
  eden space 33280K, 100% used [0x0000000795580000,0x0000000797600000,0x0000000797600000)
  from space 5120K, 24% used [0x0000000797600000,0x0000000797738020,0x0000000797b00000)
  to   space 5120K, 0% used [0x0000000797b00000,0x0000000797b00000,0x0000000798000000)
 ParOldGen       total 87552K, used 24K [0x0000000740000000, 0x0000000745580000, 0x0000000795580000)
  object space 87552K, 0% used [0x0000000740000000,0x0000000740006000,0x0000000745580000)
 Metaspace       used 6701K, capacity 6805K, committed 6912K, reserved 1056768K
  class space    used 649K, capacity 693K, committed 768K, reserved 1048576K
Event: 28.317 GC heap after
Heap after GC invocations=4 (full 0):
 PSYoungGen      total 38400K, used 1200K [0x0000000795580000, 0x0000000798000000, 0x00000007c0000000)
  eden space 33280K, 0% used [0x0000000795580000,0x0000000795580000,0x0000000797600000)
  from space 5120K, 23% used [0x0000000797b00000,0x0000000797c2c010,0x0000000798000000)
  to   space 5120K, 0% used [0x0000000797600000,0x0000000797600000,0x0000000797b00000)
 ParOldGen       total 87552K, used 32K [0x0000000740000000, 0x0000000745580000, 0x0000000795580000)
  object space 87552K, 0% used [0x0000000740000000,0x0000000740008000,0x0000000745580000)
 Metaspace       used 6701K, capacity 6805K, committed 6912K, reserved 1056768K
  class space    used 649K, capacity 693K, committed 768K, reserved 1048576K
}
Event: 36.986 GC heap before
{Heap before GC invocations=5 (full 0):
 PSYoungGen      total 38400K, used 34480K [0x0000000795580000, 0x0000000798000000, 0x00000007c0000000)
  eden space 33280K, 100% used [0x0000000795580000,0x0000000797600000,0x0000000797600000)
  from space 5120K, 23% used [0x0000000797b00000,0x0000000797c2c010,0x0000000798000000)
  to   space 5120K, 0% used [0x0000000797600000,0x0000000797600000,0x0000000797b00000)
 ParOldGen       total 87552K, used 32K [0x0000000740000000, 0x0000000745580000, 0x0000000795580000)
  object space 87552K, 0% used [0x0000000740000000,0x0000000740008000,0x0000000745580000)
 Metaspace       used 6703K, capacity 6805K, committed 6912K, reserved 1056768K
  class space    used 649K, capacity 693K, committed 768K, reserved 1048576K
Event: 36.993 GC heap after
Heap after GC invocations=5 (full 0):
 PSYoungGen      total 34304K, used 1200K [0x0000000795580000, 0x0000000797b80000, 0x00000007c0000000)
  eden space 32768K, 0% used [0x0000000795580000,0x0000000795580000,0x0000000797580000)
  from space 1536K, 78% used [0x0000000797600000,0x000000079772c010,0x0000000797780000)
  to   space 2048K, 0% used [0x0000000797980000,0x0000000797980000,0x0000000797b80000)
 ParOldGen       total 87552K, used 40K [0x0000000740000000, 0x0000000745580000, 0x0000000795580000)
  object space 87552K, 0% used [0x0000000740000000,0x000000074000a000,0x0000000745580000)
 Metaspace       used 6703K, capacity 6805K, committed 6912K, reserved 1056768K
  class space    used 649K, capacity 693K, committed 768K, reserved 1048576K
}
Event: 43.855 GC heap before
{Heap before GC invocations=6 (full 0):
 PSYoungGen      total 34304K, used 33968K [0x0000000795580000, 0x0000000797b80000, 0x00000007c0000000)
  eden space 32768K, 100% used [0x0000000795580000,0x0000000797580000,0x0000000797580000)
  from space 1536K, 78% used [0x0000000797600000,0x000000079772c010,0x0000000797780000)
  to   space 2048K, 0% used [0x0000000797980000,0x0000000797980000,0x0000000797b80000)
 ParOldGen       total 87552K, used 40K [0x0000000740000000, 0x0000000745580000, 0x0000000795580000)
  object space 87552K, 0% used [0x0000000740000000,0x000000074000a000,0x0000000745580000)
 Metaspace       used 6705K, capacity 6805K, committed 6912K, reserved 1056768K
  class space    used 649K, capacity 693K, committed 768K, reserved 1048576K
Event: 43.862 GC heap after
Heap after GC invocations=6 (full 0):
 PSYoungGen      total 33792K, used 1216K [0x0000000795580000, 0x0000000797b00000, 0x00000007c0000000)
  eden space 32256K, 0% used [0x0000000795580000,0x0000000795580000,0x0000000797500000)
  from space 1536K, 79% used [0x0000000797980000,0x0000000797ab0020,0x0000000797b00000)
  to   space 2048K, 0% used [0x0000000797700000,0x0000000797700000,0x0000000797900000)
 ParOldGen       total 87552K, used 48K [0x0000000740000000, 0x0000000745580000, 0x0000000795580000)
  object space 87552K, 0% used [0x0000000740000000,0x000000074000c000,0x0000000745580000)
 Metaspace       used 6705K, capacity 6805K, committed 6912K, reserved 1056768K
  class space    used 649K, capacity 693K, committed 768K, reserved 1048576K
}

