# JRE version: Java(TM) SE Runtime Environment (7.0_71-b14) (build 1.7.0_71-b14)
# Java VM: Java HotSpot(TM) Client VM (24.71-b01 mixed mode, sharing windows-x86 )
Heap
 def new generation   total 4992K, used 555K [0x24800000, 0x24d60000, 0x29d50000)
  eden space 4480K,  12% used [0x24800000, 0x2488ae20, 0x24c60000)
  from space 512K,   0% used [0x24c60000, 0x24c60000, 0x24ce0000)
  to   space 512K,   0% used [0x24ce0000, 0x24ce0000, 0x24d60000)
 tenured generation   total 66712K, used 57194K [0x29d50000, 0x2de76000, 0x34800000)
   the space 66712K,  85% used [0x29d50000, 0x2d52aa00, 0x2d52aa00, 0x2de76000)
 compacting perm gen  total 12288K, used 1357K [0x34800000, 0x35400000, 0x38800000)
   the space 12288K,  11% used [0x34800000, 0x34953420, 0x34953600, 0x35400000)
    ro space 10240K,  42% used [0x38800000, 0x38c34e48, 0x38c35000, 0x39200000)
    rw space 12288K,  51% used [0x39200000, 0x3983aac0, 0x3983ac00, 0x39e00000)
GC Heap History (4 events):
Event: 1.076 GC heap before
{Heap before GC invocations=0 (full 0):
 def new generation   total 4928K, used 4416K [0x24800000, 0x24d50000, 0x29d50000)
  eden space 4416K, 100% used [0x24800000, 0x24c50000, 0x24c50000)
  from space 512K,   0% used [0x24c50000, 0x24c50000, 0x24cd0000)
  to   space 512K,   0% used [0x24cd0000, 0x24cd0000, 0x24d50000)
 tenured generation   total 10944K, used 0K [0x29d50000, 0x2a800000, 0x34800000)
   the space 10944K,   0% used [0x29d50000, 0x29d50000, 0x29d50200, 0x2a800000)
 compacting perm gen  total 12288K, used 1080K [0x34800000, 0x35400000, 0x38800000)
   the space 12288K,   8% used [0x34800000, 0x3490e390, 0x3490e400, 0x35400000)
    ro space 10240K,  42% used [0x38800000, 0x38c34e48, 0x38c35000, 0x39200000)
    rw space 12288K,  51% used [0x39200000, 0x3983aac0, 0x3983ac00, 0x39e00000)
Event: 1.082 GC heap after
Heap after GC invocations=1 (full 0):
 def new generation   total 4928K, used 512K [0x24800000, 0x24d50000, 0x29d50000)
  eden space 4416K,   0% used [0x24800000, 0x24800000, 0x24c50000)
  from space 512K, 100% used [0x24cd0000, 0x24d50000, 0x24d50000)
  to   space 512K,   0% used [0x24c50000, 0x24c50000, 0x24cd0000)
 tenured generation   total 10944K, used 692K [0x29d50000, 0x2a800000, 0x34800000)
   the space 10944K,   6% used [0x29d50000, 0x29dfd330, 0x29dfd400, 0x2a800000)
 compacting perm gen  total 12288K, used 1080K [0x34800000, 0x35400000, 0x38800000)
   the space 12288K,   8% used [0x34800000, 0x3490e390, 0x3490e400, 0x35400000)
    ro space 10240K,  42% used [0x38800000, 0x38c34e48, 0x38c35000, 0x39200000)
    rw space 12288K,  51% used [0x39200000, 0x3983aac0, 0x3983ac00, 0x39e00000)
}
Event: 1.378 GC heap before
{Heap before GC invocations=1 (full 0):
 def new generation   total 4928K, used 4827K [0x24800000, 0x24d50000, 0x29d50000)
  eden space 4416K,  97% used [0x24800000, 0x24c36d00, 0x24c50000)
  from space 512K, 100% used [0x24cd0000, 0x24d50000, 0x24d50000)
  to   space 512K,   0% used [0x24c50000, 0x24c50000, 0x24cd0000)
 tenured generation   total 10944K, used 7521K [0x29d50000, 0x2a800000, 0x34800000)
   the space 10944K,  68% used [0x29d50000, 0x2a4a8730, 0x2a4a8800, 0x2a800000)
 compacting perm gen  total 12288K, used 1319K [0x34800000, 0x35400000, 0x38800000)
   the space 12288K,  10% used [0x34800000, 0x34949fe8, 0x3494a000, 0x35400000)
    ro space 10240K,  42% used [0x38800000, 0x38c34e48, 0x38c35000, 0x39200000)
    rw space 12288K,  51% used [0x39200000, 0x3983aac0, 0x3983ac00, 0x39e00000)
Event: 1.394 GC heap after
Heap after GC invocations=2 (full 1):
 def new generation   total 4992K, used 0K [0x24800000, 0x24d60000, 0x29d50000)
  eden space 4480K,   0% used [0x24800000, 0x24800000, 0x24c60000)
  from space 512K,   0% used [0x24c60000, 0x24c60000, 0x24ce0000)
  to   space 512K,   0% used [0x24ce0000, 0x24ce0000, 0x24d60000)
 tenured generation   total 10944K, used 1427K [0x29d50000, 0x2a800000, 0x34800000)
   the space 10944K,  13% used [0x29d50000, 0x29eb4f60, 0x29eb5000, 0x2a800000)
 compacting perm gen  total 12288K, used 1319K [0x34800000, 0x35400000, 0x38800000)
   the space 12288K,  10% used [0x34800000, 0x34949fe8, 0x3494a000, 0x35400000)
    ro space 10240K,  42% used [0x38800000, 0x38c34e48, 0x38c35000, 0x39200000)
    rw space 12288K,  51% used [0x39200000, 0x3983aac0, 0x3983ac00, 0x39e00000)
}

